Fairy-Commie-admin/app/build/outputs/logs/manifest-merger-debug-report.txt
-- Merging decision tree log ---
manifest
ADDED from AndroidManifest.xml:2:1
	xmlns:android
		ADDED from AndroidManifest.xml:2:11
	package
		ADDED from AndroidManifest.xml:3:5
		INJECTED from AndroidManifest.xml:0:0
		INJECTED from AndroidManifest.xml:0:0
	android:versionName
		INJECTED from AndroidManifest.xml:0:0
		INJECTED from AndroidManifest.xml:0:0
	android:versionCode
		INJECTED from AndroidManifest.xml:0:0
		INJECTED from AndroidManifest.xml:0:0
permission#com.example.hoyoung.fairy_commie_admin.locationapi.maps.permission.MAPS_RECEIVE
ADDED from AndroidManifest.xml:5:5
	android:protectionLevel
		ADDED from AndroidManifest.xml:7:9
	android:name
		ADDED from AndroidManifest.xml:6:9
uses-permission#android.permission.BLUETOOTH
ADDED from AndroidManifest.xml:9:5
	android:name
		ADDED from AndroidManifest.xml:9:22
uses-permission#android.permission.BLUETOOTH_ADMIN
ADDED from AndroidManifest.xml:10:5
	android:name
		ADDED from AndroidManifest.xml:10:22
uses-permission#android.permission.ACCESS_COARSE_LOCATION
ADDED from AndroidManifest.xml:11:5
	android:name
		ADDED from AndroidManifest.xml:11:22
uses-permission#android.permission.ACCESS_FINE_LOCATION
ADDED from AndroidManifest.xml:12:5
	android:name
		ADDED from AndroidManifest.xml:12:22
uses-feature#android.hardware.bluetooth_le
ADDED from AndroidManifest.xml:13:5
	android:required
		ADDED from AndroidManifest.xml:13:64
	android:name
		ADDED from AndroidManifest.xml:13:19
uses-permission#android.permission.INTERNET
ADDED from AndroidManifest.xml:15:5
MERGED from com.google.android.gms:play-services-ads:8.4.0:20:5
MERGED from com.google.android.gms:play-services-analytics:8.4.0:21:5
MERGED from com.google.android.gms:play-services-appinvite:8.4.0:19:5
MERGED from com.google.android.gms:play-services-maps:8.4.0:21:5
MERGED from com.google.android.gms:play-services-gcm:8.4.0:22:5
MERGED from com.google.android.gms:play-services-measurement:8.4.0:21:5
MERGED from com.google.android.gms:play-services-maps:8.4.0:21:5
MERGED from com.google.android.gms:play-services-maps:8.4.0:21:5
MERGED from com.google.android.gms:play-services-measurement:8.4.0:21:5
MERGED from com.google.android.gms:play-services-maps:8.4.0:21:5
	android:name
		ADDED from AndroidManifest.xml:15:22
uses-permission#android.permission.WRITE_EXTERNAL_STORAGE
ADDED from AndroidManifest.xml:16:5
	android:name
		ADDED from AndroidManifest.xml:16:22
uses-permission#com.example.hoyoung.fairy_commie_admin.locationapi.maps.permission.MAPS_RECEIVE
ADDED from AndroidManifest.xml:18:5
	android:name
		ADDED from AndroidManifest.xml:18:22
uses-permission#com.google.android.providers.gsf.permission.READ_GSERVICES
ADDED from AndroidManifest.xml:21:5
	android:name
		ADDED from AndroidManifest.xml:21:22
uses-permission#android.permission.ACCESS_NETWORK_STATE
ADDED from AndroidManifest.xml:24:5
MERGED from com.google.android.gms:play-services-ads:8.4.0:21:5
MERGED from com.google.android.gms:play-services-analytics:8.4.0:22:5
MERGED from com.google.android.gms:play-services-maps:8.4.0:20:5
MERGED from com.google.android.gms:play-services-measurement:8.4.0:22:5
MERGED from com.google.android.gms:play-services-maps:8.4.0:20:5
MERGED from com.google.android.gms:play-services-maps:8.4.0:20:5
MERGED from com.google.android.gms:play-services-measurement:8.4.0:22:5
MERGED from com.google.android.gms:play-services-nearby:8.4.0:19:5
MERGED from com.google.android.gms:play-services-maps:8.4.0:20:5
	android:name
		ADDED from AndroidManifest.xml:24:22
uses-feature#0x00020000
ADDED from AndroidManifest.xml:25:5
MERGED from com.google.android.gms:play-services-maps:8.4.0:22:5
MERGED from com.google.android.gms:play-services-maps:8.4.0:22:5
MERGED from com.google.android.gms:play-services-maps:8.4.0:22:5
MERGED from com.google.android.gms:play-services-maps:8.4.0:22:5
	android:required
		ADDED from AndroidManifest.xml:27:9
	android:glEsVersion
		ADDED from AndroidManifest.xml:26:9
application
ADDED from AndroidManifest.xml:29:5
MERGED from com.android.support:appcompat-v7:24.0.0-alpha1:25:5
MERGED from com.android.support:support-vector-drawable:24.0.0-alpha1:23:5
MERGED from com.android.support:support-v4:24.0.0-alpha1:22:5
MERGED from com.android.support:animated-vector-drawable:24.0.0-alpha1:22:5
MERGED from com.android.support:support-vector-drawable:24.0.0-alpha1:23:5
MERGED from com.android.support:support-v4:24.0.0-alpha1:22:5
MERGED from com.android.support:support-v4:24.0.0-alpha1:22:5
MERGED from com.google.android.gms:play-services:8.4.0:19:5
MERGED from com.google.android.gms:play-services-ads:8.4.0:24:5
MERGED from com.google.android.gms:play-services-basement:8.4.0:20:5
MERGED from com.android.support:support-v4:24.0.0-alpha1:22:5
MERGED from com.google.android.gms:play-services-analytics:8.4.0:24:5
MERGED from com.google.android.gms:play-services-basement:8.4.0:20:5
MERGED from com.android.support:support-v4:24.0.0-alpha1:22:5
MERGED from com.google.android.gms:play-services-appindexing:8.4.0:19:5
MERGED from com.google.android.gms:play-services-basement:8.4.0:20:5
MERGED from com.android.support:support-v4:24.0.0-alpha1:22:5
MERGED from com.google.android.gms:play-services-appinvite:8.4.0:20:5
MERGED from com.google.android.gms:play-services-basement:8.4.0:20:5
MERGED from com.android.support:support-v4:24.0.0-alpha1:22:5
MERGED from com.google.android.gms:play-services-appstate:8.4.0:19:5
MERGED from com.google.android.gms:play-services-basement:8.4.0:20:5
MERGED from com.android.support:support-v4:24.0.0-alpha1:22:5
MERGED from com.google.android.gms:play-services-auth:8.4.0:20:5
MERGED from com.google.android.gms:play-services-basement:8.4.0:20:5
MERGED from com.android.support:support-v4:24.0.0-alpha1:22:5
MERGED from com.google.android.gms:play-services-basement:8.4.0:20:5
MERGED from com.android.support:support-v4:24.0.0-alpha1:22:5
MERGED from com.google.android.gms:play-services-basement:8.4.0:20:5
MERGED from com.android.support:support-v4:24.0.0-alpha1:22:5
MERGED from com.google.android.gms:play-services-cast:8.4.0:19:5
MERGED from com.google.android.gms:play-services-basement:8.4.0:20:5
MERGED from com.android.support:support-v4:24.0.0-alpha1:22:5
MERGED from com.android.support:mediarouter-v7:23.0.0:22:5
MERGED from com.android.support:appcompat-v7:24.0.0-alpha1:25:5
MERGED from com.android.support:support-vector-drawable:24.0.0-alpha1:23:5
MERGED from com.android.support:support-v4:24.0.0-alpha1:22:5
MERGED from com.android.support:animated-vector-drawable:24.0.0-alpha1:22:5
MERGED from com.android.support:support-vector-drawable:24.0.0-alpha1:23:5
MERGED from com.android.support:support-v4:24.0.0-alpha1:22:5
MERGED from com.android.support:support-v4:24.0.0-alpha1:22:5
MERGED from com.google.android.gms:play-services-drive:8.4.0:19:5
MERGED from com.google.android.gms:play-services-basement:8.4.0:20:5
MERGED from com.android.support:support-v4:24.0.0-alpha1:22:5
MERGED from com.google.android.gms:play-services-fitness:8.4.0:19:5
MERGED from com.google.android.gms:play-services-basement:8.4.0:20:5
MERGED from com.android.support:support-v4:24.0.0-alpha1:22:5
MERGED from com.google.android.gms:play-services-location:8.4.0:19:5
MERGED from com.google.android.gms:play-services-basement:8.4.0:20:5
MERGED from com.android.support:support-v4:24.0.0-alpha1:22:5
MERGED from com.google.android.gms:play-services-maps:8.4.0:27:5
MERGED from com.google.android.gms:play-services-basement:8.4.0:20:5
MERGED from com.android.support:support-v4:24.0.0-alpha1:22:5
MERGED from com.google.android.gms:play-services-games:8.4.0:19:5
MERGED from com.google.android.gms:play-services-basement:8.4.0:20:5
MERGED from com.android.support:support-v4:24.0.0-alpha1:22:5
MERGED from com.google.android.gms:play-services-drive:8.4.0:19:5
MERGED from com.google.android.gms:play-services-basement:8.4.0:20:5
MERGED from com.android.support:support-v4:24.0.0-alpha1:22:5
MERGED from com.google.android.gms:play-services-gcm:8.4.0:24:5
MERGED from com.google.android.gms:play-services-basement:8.4.0:20:5
MERGED from com.android.support:support-v4:24.0.0-alpha1:22:5
MERGED from com.google.android.gms:play-services-measurement:8.4.0:26:5
MERGED from com.google.android.gms:play-services-basement:8.4.0:20:5
MERGED from com.android.support:support-v4:24.0.0-alpha1:22:5
MERGED from com.google.android.gms:play-services-identity:8.4.0:19:5
MERGED from com.google.android.gms:play-services-basement:8.4.0:20:5
MERGED from com.android.support:support-v4:24.0.0-alpha1:22:5
MERGED from com.google.android.gms:play-services-location:8.4.0:19:5
MERGED from com.google.android.gms:play-services-basement:8.4.0:20:5
MERGED from com.android.support:support-v4:24.0.0-alpha1:22:5
MERGED from com.google.android.gms:play-services-maps:8.4.0:27:5
MERGED from com.google.android.gms:play-services-basement:8.4.0:20:5
MERGED from com.android.support:support-v4:24.0.0-alpha1:22:5
MERGED from com.google.android.gms:play-services-maps:8.4.0:27:5
MERGED from com.google.android.gms:play-services-basement:8.4.0:20:5
MERGED from com.android.support:support-v4:24.0.0-alpha1:22:5
MERGED from com.google.android.gms:play-services-measurement:8.4.0:26:5
MERGED from com.google.android.gms:play-services-basement:8.4.0:20:5
MERGED from com.android.support:support-v4:24.0.0-alpha1:22:5
MERGED from com.google.android.gms:play-services-nearby:8.4.0:20:5
MERGED from com.google.android.gms:play-services-basement:8.4.0:20:5
MERGED from com.android.support:support-v4:24.0.0-alpha1:22:5
MERGED from com.google.android.gms:play-services-panorama:8.4.0:19:5
MERGED from com.google.android.gms:play-services-basement:8.4.0:20:5
MERGED from com.android.support:support-v4:24.0.0-alpha1:22:5
MERGED from com.google.android.gms:play-services-plus:8.4.0:19:5
MERGED from com.google.android.gms:play-services-basement:8.4.0:20:5
MERGED from com.android.support:support-v4:24.0.0-alpha1:22:5
MERGED from com.google.android.gms:play-services-safetynet:8.4.0:19:5
MERGED from com.google.android.gms:play-services-basement:8.4.0:20:5
MERGED from com.android.support:support-v4:24.0.0-alpha1:22:5
MERGED from com.google.android.gms:play-services-vision:8.4.0:5:5
MERGED from com.google.android.gms:play-services-basement:8.4.0:20:5
MERGED from com.android.support:support-v4:24.0.0-alpha1:22:5
MERGED from com.google.android.gms:play-services-basement:8.4.0:20:5
MERGED from com.android.support:support-v4:24.0.0-alpha1:22:5
MERGED from com.google.android.gms:play-services-identity:8.4.0:19:5
MERGED from com.google.android.gms:play-services-basement:8.4.0:20:5
MERGED from com.android.support:support-v4:24.0.0-alpha1:22:5
MERGED from com.google.android.gms:play-services-maps:8.4.0:27:5
MERGED from com.google.android.gms:play-services-basement:8.4.0:20:5
MERGED from com.android.support:support-v4:24.0.0-alpha1:22:5
MERGED from com.google.android.gms:play-services-wearable:8.4.0:19:5
MERGED from com.google.android.gms:play-services-basement:8.4.0:20:5
MERGED from com.android.support:support-v4:24.0.0-alpha1:22:5
	android:label
		ADDED from AndroidManifest.xml:32:9
	android:allowBackup
		ADDED from AndroidManifest.xml:30:9
	android:icon
		ADDED from AndroidManifest.xml:31:9
	android:theme
		ADDED from AndroidManifest.xml:33:9
activity#com.example.hoyoung.fairy_commie_admin.IntroActivity
ADDED from AndroidManifest.xml:34:9
	android:label
		ADDED from AndroidManifest.xml:36:13
	android:name
		ADDED from AndroidManifest.xml:35:13
intent-filter#android.intent.action.MAIN+android.intent.category.LAUNCHER
ADDED from AndroidManifest.xml:37:13
action#android.intent.action.MAIN
ADDED from AndroidManifest.xml:38:17
	android:name
		ADDED from AndroidManifest.xml:38:25
category#android.intent.category.LAUNCHER
ADDED from AndroidManifest.xml:40:17
	android:name
		ADDED from AndroidManifest.xml:40:27
activity#com.example.hoyoung.fairy_commie_admin.LoginActivity
ADDED from AndroidManifest.xml:44:9
	android:name
		ADDED from AndroidManifest.xml:44:19
activity#com.example.hoyoung.fairy_commie_admin.MainActivity
ADDED from AndroidManifest.xml:45:9
	android:name
		ADDED from AndroidManifest.xml:45:19
activity#com.example.hoyoung.fairy_commie_admin.AddBeacon
ADDED from AndroidManifest.xml:46:9
	android:name
		ADDED from AndroidManifest.xml:46:19
meta-data#com.google.android.gms.version
ADDED from AndroidManifest.xml:47:9
MERGED from com.google.android.gms:play-services-basement:8.4.0:21:9
MERGED from com.google.android.gms:play-services-basement:8.4.0:21:9
MERGED from com.google.android.gms:play-services-basement:8.4.0:21:9
MERGED from com.google.android.gms:play-services-basement:8.4.0:21:9
MERGED from com.google.android.gms:play-services-basement:8.4.0:21:9
MERGED from com.google.android.gms:play-services-basement:8.4.0:21:9
MERGED from com.google.android.gms:play-services-basement:8.4.0:21:9
MERGED from com.google.android.gms:play-services-basement:8.4.0:21:9
MERGED from com.google.android.gms:play-services-basement:8.4.0:21:9
MERGED from com.google.android.gms:play-services-basement:8.4.0:21:9
MERGED from com.google.android.gms:play-services-basement:8.4.0:21:9
MERGED from com.google.android.gms:play-services-basement:8.4.0:21:9
MERGED from com.google.android.gms:play-services-basement:8.4.0:21:9
MERGED from com.google.android.gms:play-services-basement:8.4.0:21:9
MERGED from com.google.android.gms:play-services-basement:8.4.0:21:9
MERGED from com.google.android.gms:play-services-basement:8.4.0:21:9
MERGED from com.google.android.gms:play-services-basement:8.4.0:21:9
MERGED from com.google.android.gms:play-services-basement:8.4.0:21:9
MERGED from com.google.android.gms:play-services-basement:8.4.0:21:9
MERGED from com.google.android.gms:play-services-basement:8.4.0:21:9
MERGED from com.google.android.gms:play-services-basement:8.4.0:21:9
MERGED from com.google.android.gms:play-services-basement:8.4.0:21:9
MERGED from com.google.android.gms:play-services-basement:8.4.0:21:9
MERGED from com.google.android.gms:play-services-basement:8.4.0:21:9
MERGED from com.google.android.gms:play-services-basement:8.4.0:21:9
MERGED from com.google.android.gms:play-services-basement:8.4.0:21:9
MERGED from com.google.android.gms:play-services-basement:8.4.0:21:9
MERGED from com.google.android.gms:play-services-basement:8.4.0:21:9
MERGED from com.google.android.gms:play-services-basement:8.4.0:21:9
MERGED from com.google.android.gms:play-services-basement:8.4.0:21:9
MERGED from com.google.android.gms:play-services-basement:8.4.0:21:9
	android:name
		ADDED from AndroidManifest.xml:48:13
	android:value
		ADDED from AndroidManifest.xml:49:13
meta-data#com.google.android.maps.v2.API_KEY
ADDED from AndroidManifest.xml:50:9
	android:name
		ADDED from AndroidManifest.xml:52:13
	android:value
		ADDED from AndroidManifest.xml:51:13
uses-sdk
INJECTED from AndroidManifest.xml:0:0 reason: use-sdk injection requested
MERGED from com.android.support:appcompat-v7:24.0.0-alpha1:21:5
MERGED from com.android.support:support-vector-drawable:24.0.0-alpha1:21:5
MERGED from com.android.support:support-v4:24.0.0-alpha1:20:5
MERGED from com.android.support:animated-vector-drawable:24.0.0-alpha1:20:5
MERGED from com.android.support:support-vector-drawable:24.0.0-alpha1:21:5
MERGED from com.android.support:support-v4:24.0.0-alpha1:20:5
MERGED from com.android.support:support-v4:24.0.0-alpha1:20:5
MERGED from com.google.android.gms:play-services:8.4.0:18:5
MERGED from com.google.android.gms:play-services-ads:8.4.0:23:5
MERGED from com.google.android.gms:play-services-basement:8.4.0:18:5
MERGED from com.android.support:support-v4:24.0.0-alpha1:20:5
MERGED from com.google.android.gms:play-services-analytics:8.4.0:18:5
MERGED from com.google.android.gms:play-services-basement:8.4.0:18:5
MERGED from com.android.support:support-v4:24.0.0-alpha1:20:5
MERGED from com.google.android.gms:play-services-appindexing:8.4.0:18:5
MERGED from com.google.android.gms:play-services-base:8.4.0:18:5
MERGED from com.google.android.gms:play-services-basement:8.4.0:18:5
MERGED from com.android.support:support-v4:24.0.0-alpha1:20:5
MERGED from com.google.android.gms:play-services-appinvite:8.4.0:18:5
MERGED from com.google.android.gms:play-services-base:8.4.0:18:5
MERGED from com.google.android.gms:play-services-basement:8.4.0:18:5
MERGED from com.android.support:support-v4:24.0.0-alpha1:20:5
MERGED from com.google.android.gms:play-services-appstate:8.4.0:18:5
MERGED from com.google.android.gms:play-services-base:8.4.0:18:5
MERGED from com.google.android.gms:play-services-basement:8.4.0:18:5
MERGED from com.android.support:support-v4:24.0.0-alpha1:20:5
MERGED from com.google.android.gms:play-services-auth:8.4.0:18:5
MERGED from com.google.android.gms:play-services-base:8.4.0:18:5
MERGED from com.google.android.gms:play-services-basement:8.4.0:18:5
MERGED from com.android.support:support-v4:24.0.0-alpha1:20:5
MERGED from com.google.android.gms:play-services-base:8.4.0:18:5
MERGED from com.google.android.gms:play-services-basement:8.4.0:18:5
MERGED from com.android.support:support-v4:24.0.0-alpha1:20:5
MERGED from com.google.android.gms:play-services-basement:8.4.0:18:5
MERGED from com.android.support:support-v4:24.0.0-alpha1:20:5
MERGED from com.google.android.gms:play-services-cast:8.4.0:18:5
MERGED from com.google.android.gms:play-services-base:8.4.0:18:5
MERGED from com.google.android.gms:play-services-basement:8.4.0:18:5
MERGED from com.android.support:support-v4:24.0.0-alpha1:20:5
MERGED from com.android.support:mediarouter-v7:23.0.0:20:5
MERGED from com.android.support:appcompat-v7:24.0.0-alpha1:21:5
MERGED from com.android.support:support-vector-drawable:24.0.0-alpha1:21:5
MERGED from com.android.support:support-v4:24.0.0-alpha1:20:5
MERGED from com.android.support:animated-vector-drawable:24.0.0-alpha1:20:5
MERGED from com.android.support:support-vector-drawable:24.0.0-alpha1:21:5
MERGED from com.android.support:support-v4:24.0.0-alpha1:20:5
MERGED from com.android.support:support-v4:24.0.0-alpha1:20:5
MERGED from com.google.android.gms:play-services-drive:8.4.0:18:5
MERGED from com.google.android.gms:play-services-base:8.4.0:18:5
MERGED from com.google.android.gms:play-services-basement:8.4.0:18:5
MERGED from com.android.support:support-v4:24.0.0-alpha1:20:5
MERGED from com.google.android.gms:play-services-fitness:8.4.0:18:5
MERGED from com.google.android.gms:play-services-base:8.4.0:18:5
MERGED from com.google.android.gms:play-services-basement:8.4.0:18:5
MERGED from com.android.support:support-v4:24.0.0-alpha1:20:5
MERGED from com.google.android.gms:play-services-location:8.4.0:18:5
MERGED from com.google.android.gms:play-services-base:8.4.0:18:5
MERGED from com.google.android.gms:play-services-basement:8.4.0:18:5
MERGED from com.android.support:support-v4:24.0.0-alpha1:20:5
MERGED from com.google.android.gms:play-services-maps:8.4.0:26:5
MERGED from com.google.android.gms:play-services-base:8.4.0:18:5
MERGED from com.google.android.gms:play-services-basement:8.4.0:18:5
MERGED from com.android.support:support-v4:24.0.0-alpha1:20:5
MERGED from com.google.android.gms:play-services-games:8.4.0:18:5
MERGED from com.google.android.gms:play-services-base:8.4.0:18:5
MERGED from com.google.android.gms:play-services-basement:8.4.0:18:5
MERGED from com.android.support:support-v4:24.0.0-alpha1:20:5
MERGED from com.google.android.gms:play-services-drive:8.4.0:18:5
MERGED from com.google.android.gms:play-services-base:8.4.0:18:5
MERGED from com.google.android.gms:play-services-basement:8.4.0:18:5
MERGED from com.android.support:support-v4:24.0.0-alpha1:20:5
MERGED from com.google.android.gms:play-services-gcm:8.4.0:18:5
MERGED from com.google.android.gms:play-services-base:8.4.0:18:5
MERGED from com.google.android.gms:play-services-basement:8.4.0:18:5
MERGED from com.android.support:support-v4:24.0.0-alpha1:20:5
MERGED from com.google.android.gms:play-services-measurement:8.4.0:18:5
MERGED from com.google.android.gms:play-services-basement:8.4.0:18:5
MERGED from com.android.support:support-v4:24.0.0-alpha1:20:5
MERGED from com.google.android.gms:play-services-identity:8.4.0:18:5
MERGED from com.google.android.gms:play-services-base:8.4.0:18:5
MERGED from com.google.android.gms:play-services-basement:8.4.0:18:5
MERGED from com.android.support:support-v4:24.0.0-alpha1:20:5
MERGED from com.google.android.gms:play-services-location:8.4.0:18:5
MERGED from com.google.android.gms:play-services-base:8.4.0:18:5
MERGED from com.google.android.gms:play-services-basement:8.4.0:18:5
MERGED from com.android.support:support-v4:24.0.0-alpha1:20:5
MERGED from com.google.android.gms:play-services-maps:8.4.0:26:5
MERGED from com.google.android.gms:play-services-base:8.4.0:18:5
MERGED from com.google.android.gms:play-services-basement:8.4.0:18:5
MERGED from com.android.support:support-v4:24.0.0-alpha1:20:5
MERGED from com.google.android.gms:play-services-maps:8.4.0:26:5
MERGED from com.google.android.gms:play-services-base:8.4.0:18:5
MERGED from com.google.android.gms:play-services-basement:8.4.0:18:5
MERGED from com.android.support:support-v4:24.0.0-alpha1:20:5
MERGED from com.google.android.gms:play-services-measurement:8.4.0:18:5
MERGED from com.google.android.gms:play-services-basement:8.4.0:18:5
MERGED from com.android.support:support-v4:24.0.0-alpha1:20:5
MERGED from com.google.android.gms:play-services-nearby:8.4.0:18:5
MERGED from com.google.android.gms:play-services-base:8.4.0:18:5
MERGED from com.google.android.gms:play-services-basement:8.4.0:18:5
MERGED from com.android.support:support-v4:24.0.0-alpha1:20:5
MERGED from com.google.android.gms:play-services-panorama:8.4.0:18:5
MERGED from com.google.android.gms:play-services-base:8.4.0:18:5
MERGED from com.google.android.gms:play-services-basement:8.4.0:18:5
MERGED from com.android.support:support-v4:24.0.0-alpha1:20:5
MERGED from com.google.android.gms:play-services-plus:8.4.0:18:5
MERGED from com.google.android.gms:play-services-base:8.4.0:18:5
MERGED from com.google.android.gms:play-services-basement:8.4.0:18:5
MERGED from com.android.support:support-v4:24.0.0-alpha1:20:5
MERGED from com.google.android.gms:play-services-safetynet:8.4.0:18:5
MERGED from com.google.android.gms:play-services-base:8.4.0:18:5
MERGED from com.google.android.gms:play-services-basement:8.4.0:18:5
MERGED from com.android.support:support-v4:24.0.0-alpha1:20:5
MERGED from com.google.android.gms:play-services-vision:8.4.0:4:5
MERGED from com.google.android.gms:play-services-base:8.4.0:18:5
MERGED from com.google.android.gms:play-services-basement:8.4.0:18:5
MERGED from com.android.support:support-v4:24.0.0-alpha1:20:5
MERGED from com.google.android.gms:play-services-wallet:8.4.0:19:5
MERGED from com.google.android.gms:play-services-base:8.4.0:18:5
MERGED from com.google.android.gms:play-services-basement:8.4.0:18:5
MERGED from com.android.support:support-v4:24.0.0-alpha1:20:5
MERGED from com.google.android.gms:play-services-identity:8.4.0:18:5
MERGED from com.google.android.gms:play-services-base:8.4.0:18:5
MERGED from com.google.android.gms:play-services-basement:8.4.0:18:5
MERGED from com.android.support:support-v4:24.0.0-alpha1:20:5
MERGED from com.google.android.gms:play-services-maps:8.4.0:26:5
MERGED from com.google.android.gms:play-services-base:8.4.0:18:5
MERGED from com.google.android.gms:play-services-basement:8.4.0:18:5
MERGED from com.android.support:support-v4:24.0.0-alpha1:20:5
MERGED from com.google.android.gms:play-services-wearable:8.4.0:18:5
MERGED from com.google.android.gms:play-services-base:8.4.0:18:5
MERGED from com.google.android.gms:play-services-basement:8.4.0:18:5
MERGED from com.android.support:support-v4:24.0.0-alpha1:20:5
	android:targetSdkVersion
		INJECTED from AndroidManifest.xml:0:0
		INJECTED from AndroidManifest.xml:0:0
	android:minSdkVersion
		INJECTED from AndroidManifest.xml:0:0
		INJECTED from AndroidManifest.xml:0:0
	tools:overrideLibrary
		ADDED from com.android.support:appcompat-v7:24.0.0-alpha1:23:9
activity#com.google.android.gms.ads.AdActivity
ADDED from com.google.android.gms:play-services-ads:8.4.0:26:9
	android:configChanges
		ADDED from com.google.android.gms:play-services-ads:8.4.0:28:13
	android:theme
		ADDED from com.google.android.gms:play-services-ads:8.4.0:29:13
	android:name
		ADDED from com.google.android.gms:play-services-ads:8.4.0:27:13
activity#com.google.android.gms.ads.purchase.InAppPurchaseActivity
ADDED from com.google.android.gms:play-services-ads:8.4.0:30:9
	android:theme
		ADDED from com.google.android.gms:play-services-ads:8.4.0:31:13
	android:name
		ADDED from com.google.android.gms:play-services-ads:8.4.0:30:19
activity#com.google.android.gms.appinvite.PreviewActivity
ADDED from com.google.android.gms:play-services-appinvite:8.4.0:21:9
	android:theme
		ADDED from com.google.android.gms:play-services-appinvite:8.4.0:24:17
	android:exported
		ADDED from com.google.android.gms:play-services-appinvite:8.4.0:23:17
	android:name
		ADDED from com.google.android.gms:play-services-appinvite:8.4.0:22:17
intent-filter#android.intent.category.DEFAULT+com.google.android.gms.appinvite.ACTION_PREVIEW
ADDED from com.google.android.gms:play-services-appinvite:8.4.0:25:13
action#com.google.android.gms.appinvite.ACTION_PREVIEW
ADDED from com.google.android.gms:play-services-appinvite:8.4.0:26:17
	android:name
		ADDED from com.google.android.gms:play-services-appinvite:8.4.0:26:25
category#android.intent.category.DEFAULT
ADDED from com.google.android.gms:play-services-appinvite:8.4.0:27:17
	android:name
		ADDED from com.google.android.gms:play-services-appinvite:8.4.0:27:27
activity#com.google.android.gms.auth.api.signin.internal.SignInHubActivity
ADDED from com.google.android.gms:play-services-auth:8.4.0:21:9
	android:theme
		ADDED from com.google.android.gms:play-services-auth:8.4.0:22:19
	android:exported
		ADDED from com.google.android.gms:play-services-auth:8.4.0:24:19
	android:excludeFromRecents
		ADDED from com.google.android.gms:play-services-auth:8.4.0:23:19
	android:name
		ADDED from com.google.android.gms:play-services-auth:8.4.0:21:19
service#com.google.android.gms.auth.api.signin.RevocationBoundService
ADDED from com.google.android.gms:play-services-auth:8.4.0:28:9
	android:exported
		ADDED from com.google.android.gms:play-services-auth:8.4.0:30:13
	android:permission
		ADDED from com.google.android.gms:play-services-auth:8.4.0:31:13
	android:name
		ADDED from com.google.android.gms:play-services-auth:8.4.0:29:13
uses-permission#com.google.android.c2dm.permission.RECEIVE
ADDED from com.google.android.gms:play-services-gcm:8.4.0:21:5
	android:name
		ADDED from com.google.android.gms:play-services-gcm:8.4.0:21:22
uses-permission#android.permission.WAKE_LOCK
ADDED from com.google.android.gms:play-services-measurement:8.4.0:24:5
MERGED from com.google.android.gms:play-services-measurement:8.4.0:24:5
	android:name
		ADDED from com.google.android.gms:play-services-measurement:8.4.0:24:22
provider#com.google.android.gms.measurement.AppMeasurementContentProvider
ADDED from com.google.android.gms:play-services-measurement:8.4.0:28:7
MERGED from com.google.android.gms:play-services-measurement:8.4.0:28:7
	android:exported
		ADDED from com.google.android.gms:play-services-measurement:8.4.0:31:11
	android:authorities
		ADDED from com.google.android.gms:play-services-measurement:8.4.0:29:11
	android:name
		ADDED from com.google.android.gms:play-services-measurement:8.4.0:30:11
receiver#com.google.android.gms.measurement.AppMeasurementReceiver
ADDED from com.google.android.gms:play-services-measurement:8.4.0:33:7
MERGED from com.google.android.gms:play-services-measurement:8.4.0:33:7
	android:enabled
		ADDED from com.google.android.gms:play-services-measurement:8.4.0:35:11
	android:name
		ADDED from com.google.android.gms:play-services-measurement:8.4.0:34:11
intent-filter#com.google.android.gms.measurement.UPLOAD
ADDED from com.google.android.gms:play-services-measurement:8.4.0:36:9
action#com.google.android.gms.measurement.UPLOAD
ADDED from com.google.android.gms:play-services-measurement:8.4.0:37:11
	android:name
		ADDED from com.google.android.gms:play-services-measurement:8.4.0:37:19
service#com.google.android.gms.measurement.AppMeasurementService
ADDED from com.google.android.gms:play-services-measurement:8.4.0:41:7
MERGED from com.google.android.gms:play-services-measurement:8.4.0:41:7
	android:exported
		ADDED from com.google.android.gms:play-services-measurement:8.4.0:44:11
	android:enabled
		ADDED from com.google.android.gms:play-services-measurement:8.4.0:43:11
	android:name
		ADDED from com.google.android.gms:play-services-measurement:8.4.0:42:11